-------------------------------------------------------------------------------
Test set: andrewhwei.wiremocktest.WiremockTest
-------------------------------------------------------------------------------
Tests run: 3, Failures: 1, Errors: 0, Skipped: 0, Time elapsed: 2.768 sec <<< FAILURE!
testStatusCodeNegative(andrewhwei.wiremocktest.WiremockTest)  Time elapsed: 0.14 sec  <<< FAILURE!
com.github.tomakehurst.wiremock.client.VerificationException: A request was unmatched by any stub mapping. Closest stub mapping was:  expected:<
GET
/an/endpoint
> but was:<
GET
/another/endpoint
>
	at com.github.tomakehurst.wiremock.client.VerificationException.forSingleUnmatchedRequest(VerificationException.java:43)
	at com.github.tomakehurst.wiremock.client.VerificationException.forUnmatchedRequests(VerificationException.java:48)
	at com.github.tomakehurst.wiremock.junit.WireMockRule.checkForUnmatchedRequests(WireMockRule.java:87)
	at com.github.tomakehurst.wiremock.junit.WireMockRule.access$000(WireMockRule.java:33)
	at com.github.tomakehurst.wiremock.junit.WireMockRule$1.evaluate(WireMockRule.java:73)
	at org.junit.rules.RunRules.evaluate(RunRules.java:20)
	at org.junit.runners.ParentRunner.runLeaf(ParentRunner.java:271)
	at org.junit.runners.BlockJUnit4ClassRunner.runChild(BlockJUnit4ClassRunner.java:70)
	at org.junit.runners.BlockJUnit4ClassRunner.runChild(BlockJUnit4ClassRunner.java:50)
	at org.junit.runners.ParentRunner$3.run(ParentRunner.java:238)
	at org.junit.runners.ParentRunner$1.schedule(ParentRunner.java:63)
	at org.junit.runners.ParentRunner.runChildren(ParentRunner.java:236)
	at org.junit.runners.ParentRunner.access$000(ParentRunner.java:53)
	at org.junit.runners.ParentRunner$2.evaluate(ParentRunner.java:229)
	at org.junit.runners.ParentRunner.run(ParentRunner.java:309)
	at org.apache.maven.surefire.junit4.JUnit4Provider.execute(JUnit4Provider.java:252)
	at org.apache.maven.surefire.junit4.JUnit4Provider.executeTestSet(JUnit4Provider.java:141)
	at org.apache.maven.surefire.junit4.JUnit4Provider.invoke(JUnit4Provider.java:112)
	at sun.reflect.NativeMethodAccessorImpl.invoke0(Native Method)
	at sun.reflect.NativeMethodAccessorImpl.invoke(NativeMethodAccessorImpl.java:62)
	at sun.reflect.DelegatingMethodAccessorImpl.invoke(DelegatingMethodAccessorImpl.java:43)
	at java.lang.reflect.Method.invoke(Method.java:498)
	at org.apache.maven.surefire.util.ReflectionUtils.invokeMethodWithArray(ReflectionUtils.java:189)
	at org.apache.maven.surefire.booter.ProviderFactory$ProviderProxy.invoke(ProviderFactory.java:165)
	at org.apache.maven.surefire.booter.ProviderFactory.invokeProvider(ProviderFactory.java:85)
	at org.apache.maven.surefire.booter.ForkedBooter.runSuitesInProcess(ForkedBooter.java:115)
	at org.apache.maven.surefire.booter.ForkedBooter.main(ForkedBooter.java:75)

